stow
git
curl
wget
unzip
zip
jq

# Session manager
sddm
os-prober


# Hyprland
hyprland
xdg-desktop-portal-hyprland
xdg-desktop-portal-gtk
# Authentication via modal
hyprpolkitagent
hyprcursor
# Bar
waybar
# Wallpaper
hyprpaper
# Idle timeout
hypridle
# Lockscreen
hyprlock
# Color picker
hyprpicker
# App lancher
rofi
# Clipboard manager
cliphist
# File manager
dolphin
# Notification
dunst

# Sound
pipewire
wireplumber
pavucontrol

# Display
nwg-displays

# Qt support
qt5-wayland
qt6-wayland
hyprqt6engine
hyprland-qt-support

# Font
ttf-jetbrains-mono-nerd

# Theme
nwg-look

# Crontab implementation
cronie

# Partition manager
gparted
# Map caps to esc
kanata-bin

# Manage IGPU and GPU switching
envycontrol

# Power insight tools
powertop
powerstat

snapd
